<?xml version="1.0" encoding="UTF-8"?>
<testsuite xmlns:xsi="http://www.w3.org/2001/XMLSchema-instance" xsi:noNamespaceSchemaLocation="https://maven.apache.org/surefire/maven-surefire-plugin/xsd/surefire-test-report.xsd" name="lab7_1.RestAssured.RestAssuredTest" time="1.514" tests="3" errors="0" skipped="0" failures="0">
  <properties>
    <property name="sun.desktop" value="gnome"/>
    <property name="awt.toolkit" value="sun.awt.X11.XToolkit"/>
    <property name="java.specification.version" value="11"/>
    <property name="sun.cpu.isalist" value=""/>
    <property name="sun.jnu.encoding" value="UTF-8"/>
    <property name="java.class.path" value="/home/patricia/GitHubRep/TQS/lab7/rest-assured/target/test-classes:/home/patricia/GitHubRep/TQS/lab7/rest-assured/target/classes:/home/patricia/.m2/repository/io/rest-assured/rest-assured/5.0.1/rest-assured-5.0.1.jar:/home/patricia/.m2/repository/org/apache/groovy/groovy/4.0.1/groovy-4.0.1.jar:/home/patricia/.m2/repository/org/apache/groovy/groovy-xml/4.0.1/groovy-xml-4.0.1.jar:/home/patricia/.m2/repository/org/apache/httpcomponents/httpclient/4.5.13/httpclient-4.5.13.jar:/home/patricia/.m2/repository/org/apache/httpcomponents/httpcore/4.4.13/httpcore-4.4.13.jar:/home/patricia/.m2/repository/commons-logging/commons-logging/1.2/commons-logging-1.2.jar:/home/patricia/.m2/repository/commons-codec/commons-codec/1.11/commons-codec-1.11.jar:/home/patricia/.m2/repository/org/apache/httpcomponents/httpmime/4.5.13/httpmime-4.5.13.jar:/home/patricia/.m2/repository/org/hamcrest/hamcrest/2.1/hamcrest-2.1.jar:/home/patricia/.m2/repository/org/ccil/cowan/tagsoup/tagsoup/1.2.1/tagsoup-1.2.1.jar:/home/patricia/.m2/repository/io/rest-assured/json-path/5.0.1/json-path-5.0.1.jar:/home/patricia/.m2/repository/org/apache/groovy/groovy-json/4.0.1/groovy-json-4.0.1.jar:/home/patricia/.m2/repository/io/rest-assured/rest-assured-common/5.0.1/rest-assured-common-5.0.1.jar:/home/patricia/.m2/repository/io/rest-assured/xml-path/5.0.1/xml-path-5.0.1.jar:/home/patricia/.m2/repository/org/apache/commons/commons-lang3/3.11/commons-lang3-3.11.jar:/home/patricia/.m2/repository/org/junit/jupiter/junit-jupiter-engine/5.4.0/junit-jupiter-engine-5.4.0.jar:/home/patricia/.m2/repository/org/apiguardian/apiguardian-api/1.0.0/apiguardian-api-1.0.0.jar:/home/patricia/.m2/repository/org/junit/platform/junit-platform-engine/1.4.0/junit-platform-engine-1.4.0.jar:/home/patricia/.m2/repository/org/opentest4j/opentest4j/1.1.1/opentest4j-1.1.1.jar:/home/patricia/.m2/repository/org/junit/platform/junit-platform-commons/1.4.0/junit-platform-commons-1.4.0.jar:/home/patricia/.m2/repository/org/junit/jupiter/junit-jupiter-api/5.4.0/junit-jupiter-api-5.4.0.jar:/home/patricia/.m2/repository/junit/junit/4.11/junit-4.11.jar:/home/patricia/.m2/repository/org/hamcrest/hamcrest-core/1.3/hamcrest-core-1.3.jar:"/>
    <property name="java.vm.vendor" value="Ubuntu"/>
    <property name="sun.arch.data.model" value="64"/>
    <property name="java.vendor.url" value="https://ubuntu.com/"/>
    <property name="user.timezone" value=""/>
    <property name="user.country.format" value="PT"/>
    <property name="java.vm.specification.version" value="11"/>
    <property name="os.name" value="Linux"/>
    <property name="sun.java.launcher" value="SUN_STANDARD"/>
    <property name="user.country" value="US"/>
    <property name="sun.boot.library.path" value="/usr/lib/jvm/java-11-openjdk-amd64/lib"/>
    <property name="sun.java.command" value="/home/patricia/GitHubRep/TQS/lab7/rest-assured/target/surefire/surefirebooter14932953632571424744.jar /home/patricia/GitHubRep/TQS/lab7/rest-assured/target/surefire 2022-04-21T14-58-37_232-jvmRun1 surefire11629339456167515422tmp surefire_07020284461037098334tmp"/>
    <property name="jdk.debug" value="release"/>
    <property name="surefire.test.class.path" value="/home/patricia/GitHubRep/TQS/lab7/rest-assured/target/test-classes:/home/patricia/GitHubRep/TQS/lab7/rest-assured/target/classes:/home/patricia/.m2/repository/io/rest-assured/rest-assured/5.0.1/rest-assured-5.0.1.jar:/home/patricia/.m2/repository/org/apache/groovy/groovy/4.0.1/groovy-4.0.1.jar:/home/patricia/.m2/repository/org/apache/groovy/groovy-xml/4.0.1/groovy-xml-4.0.1.jar:/home/patricia/.m2/repository/org/apache/httpcomponents/httpclient/4.5.13/httpclient-4.5.13.jar:/home/patricia/.m2/repository/org/apache/httpcomponents/httpcore/4.4.13/httpcore-4.4.13.jar:/home/patricia/.m2/repository/commons-logging/commons-logging/1.2/commons-logging-1.2.jar:/home/patricia/.m2/repository/commons-codec/commons-codec/1.11/commons-codec-1.11.jar:/home/patricia/.m2/repository/org/apache/httpcomponents/httpmime/4.5.13/httpmime-4.5.13.jar:/home/patricia/.m2/repository/org/hamcrest/hamcrest/2.1/hamcrest-2.1.jar:/home/patricia/.m2/repository/org/ccil/cowan/tagsoup/tagsoup/1.2.1/tagsoup-1.2.1.jar:/home/patricia/.m2/repository/io/rest-assured/json-path/5.0.1/json-path-5.0.1.jar:/home/patricia/.m2/repository/org/apache/groovy/groovy-json/4.0.1/groovy-json-4.0.1.jar:/home/patricia/.m2/repository/io/rest-assured/rest-assured-common/5.0.1/rest-assured-common-5.0.1.jar:/home/patricia/.m2/repository/io/rest-assured/xml-path/5.0.1/xml-path-5.0.1.jar:/home/patricia/.m2/repository/org/apache/commons/commons-lang3/3.11/commons-lang3-3.11.jar:/home/patricia/.m2/repository/org/junit/jupiter/junit-jupiter-engine/5.4.0/junit-jupiter-engine-5.4.0.jar:/home/patricia/.m2/repository/org/apiguardian/apiguardian-api/1.0.0/apiguardian-api-1.0.0.jar:/home/patricia/.m2/repository/org/junit/platform/junit-platform-engine/1.4.0/junit-platform-engine-1.4.0.jar:/home/patricia/.m2/repository/org/opentest4j/opentest4j/1.1.1/opentest4j-1.1.1.jar:/home/patricia/.m2/repository/org/junit/platform/junit-platform-commons/1.4.0/junit-platform-commons-1.4.0.jar:/home/patricia/.m2/repository/org/junit/jupiter/junit-jupiter-api/5.4.0/junit-jupiter-api-5.4.0.jar:/home/patricia/.m2/repository/junit/junit/4.11/junit-4.11.jar:/home/patricia/.m2/repository/org/hamcrest/hamcrest-core/1.3/hamcrest-core-1.3.jar:"/>
    <property name="sun.cpu.endian" value="little"/>
    <property name="user.home" value="/home/patricia"/>
    <property name="user.language" value="en"/>
    <property name="java.specification.vendor" value="Oracle Corporation"/>
    <property name="java.version.date" value="2022-02-08"/>
    <property name="java.home" value="/usr/lib/jvm/java-11-openjdk-amd64"/>
    <property name="file.separator" value="/"/>
    <property name="basedir" value="/home/patricia/GitHubRep/TQS/lab7/rest-assured"/>
    <property name="java.vm.compressedOopsMode" value="Zero based"/>
    <property name="line.separator" value="&#10;"/>
    <property name="java.specification.name" value="Java Platform API Specification"/>
    <property name="java.vm.specification.vendor" value="Oracle Corporation"/>
    <property name="java.awt.graphicsenv" value="sun.awt.X11GraphicsEnvironment"/>
    <property name="surefire.real.class.path" value="/home/patricia/GitHubRep/TQS/lab7/rest-assured/target/surefire/surefirebooter14932953632571424744.jar"/>
    <property name="sun.management.compiler" value="HotSpot 64-Bit Tiered Compilers"/>
    <property name="java.runtime.version" value="11.0.14.1+1-Ubuntu-0ubuntu1.20.04"/>
    <property name="user.name" value="patricia"/>
    <property name="path.separator" value=":"/>
    <property name="os.version" value="5.4.0-109-generic"/>
    <property name="java.runtime.name" value="OpenJDK Runtime Environment"/>
    <property name="file.encoding" value="UTF-8"/>
    <property name="java.vm.name" value="OpenJDK 64-Bit Server VM"/>
    <property name="localRepository" value="/home/patricia/.m2/repository"/>
    <property name="java.vendor.url.bug" value="https://bugs.launchpad.net/ubuntu/+source/openjdk-lts"/>
    <property name="java.io.tmpdir" value="/tmp"/>
    <property name="java.version" value="11.0.14.1"/>
    <property name="user.dir" value="/home/patricia/GitHubRep/TQS/lab7/rest-assured"/>
    <property name="os.arch" value="amd64"/>
    <property name="java.vm.specification.name" value="Java Virtual Machine Specification"/>
    <property name="java.awt.printerjob" value="sun.print.PSPrinterJob"/>
    <property name="user.language.format" value="pt"/>
    <property name="sun.os.patch.level" value="unknown"/>
    <property name="java.library.path" value="/usr/java/packages/lib:/usr/lib/x86_64-linux-gnu/jni:/lib/x86_64-linux-gnu:/usr/lib/x86_64-linux-gnu:/usr/lib/jni:/lib:/usr/lib"/>
    <property name="java.vm.info" value="mixed mode, sharing"/>
    <property name="java.vendor" value="Ubuntu"/>
    <property name="java.vm.version" value="11.0.14.1+1-Ubuntu-0ubuntu1.20.04"/>
    <property name="sun.io.unicode.encoding" value="UnicodeLittle"/>
    <property name="java.class.version" value="55.0"/>
  </properties>
  <testcase name="whenGetTodos_thenStatusCode200" classname="lab7_1.RestAssured.RestAssuredTest" time="1.009"/>
  <testcase name="whenGetTodo4_thenCheckTitle" classname="lab7_1.RestAssured.RestAssuredTest" time="0.39"/>
  <testcase name="whenListAllTodos_thenCheckIds" classname="lab7_1.RestAssured.RestAssuredTest" time="0.11"/>
</testsuite>